SF:C:\deloitte-bootcamp-dia26\Minhaapi\Program.cs
FN:3,System.Void Program::<Main>$(System.String[])
FNDA:0,System.Void Program::<Main>$(System.String[])
DA:4,0
DA:6,0
DA:10,0
DA:11,0
DA:12,0
DA:13,0
DA:14,0
DA:15,0
DA:16,0
DA:20,0
DA:22,0
DA:24,0
DA:26,0
DA:27,0
DA:28,0
DA:29,0
DA:31,0
DA:34,0
DA:36,0
BRDA:26,108,0,0
BRDA:26,108,1,0
LF:19
LH:0
BRF:2
BRH:0
FNF:1
FNH:0
end_of_record
SF:C:\deloitte-bootcamp-dia26\Minhaapi\obj\Debug\net10.0\Microsoft.AspNetCore.OpenApi.SourceGenerators\Microsoft.AspNetCore.OpenApi.SourceGenerators.XmlCommentGenerator\OpenApiXmlCommentSupport.generated.cs
FN:46,System.String Microsoft.AspNetCore.OpenApi.Generated.<OpenApiXmlCommentSupport_generated>F0E57F3F97670CF85E68DD93EAE18D776CB0BF1148068A1ADDC0F9215D608B805__XmlComment::get_Summary()
FNDA:0,System.String Microsoft.AspNetCore.OpenApi.Generated.<OpenApiXmlCommentSupport_generated>F0E57F3F97670CF85E68DD93EAE18D776CB0BF1148068A1ADDC0F9215D608B805__XmlComment::get_Summary()
DA:47,0
FN:47,System.String Microsoft.AspNetCore.OpenApi.Generated.<OpenApiXmlCommentSupport_generated>F0E57F3F97670CF85E68DD93EAE18D776CB0BF1148068A1ADDC0F9215D608B805__XmlComment::get_Description()
FNDA:0,System.String Microsoft.AspNetCore.OpenApi.Generated.<OpenApiXmlCommentSupport_generated>F0E57F3F97670CF85E68DD93EAE18D776CB0BF1148068A1ADDC0F9215D608B805__XmlComment::get_Description()
DA:48,0
FN:48,System.String Microsoft.AspNetCore.OpenApi.Generated.<OpenApiXmlCommentSupport_generated>F0E57F3F97670CF85E68DD93EAE18D776CB0BF1148068A1ADDC0F9215D608B805__XmlComment::get_Remarks()
FNDA:0,System.String Microsoft.AspNetCore.OpenApi.Generated.<OpenApiXmlCommentSupport_generated>F0E57F3F97670CF85E68DD93EAE18D776CB0BF1148068A1ADDC0F9215D608B805__XmlComment::get_Remarks()
DA:49,0
FN:49,System.String Microsoft.AspNetCore.OpenApi.Generated.<OpenApiXmlCommentSupport_generated>F0E57F3F97670CF85E68DD93EAE18D776CB0BF1148068A1ADDC0F9215D608B805__XmlComment::get_Returns()
FNDA:0,System.String Microsoft.AspNetCore.OpenApi.Generated.<OpenApiXmlCommentSupport_generated>F0E57F3F97670CF85E68DD93EAE18D776CB0BF1148068A1ADDC0F9215D608B805__XmlComment::get_Returns()
DA:50,0
FN:50,System.String Microsoft.AspNetCore.OpenApi.Generated.<OpenApiXmlCommentSupport_generated>F0E57F3F97670CF85E68DD93EAE18D776CB0BF1148068A1ADDC0F9215D608B805__XmlComment::get_Value()
FNDA:0,System.String Microsoft.AspNetCore.OpenApi.Generated.<OpenApiXmlCommentSupport_generated>F0E57F3F97670CF85E68DD93EAE18D776CB0BF1148068A1ADDC0F9215D608B805__XmlComment::get_Value()
DA:51,0
FN:51,System.Boolean Microsoft.AspNetCore.OpenApi.Generated.<OpenApiXmlCommentSupport_generated>F0E57F3F97670CF85E68DD93EAE18D776CB0BF1148068A1ADDC0F9215D608B805__XmlComment::get_Deprecated()
FNDA:0,System.Boolean Microsoft.AspNetCore.OpenApi.Generated.<OpenApiXmlCommentSupport_generated>F0E57F3F97670CF85E68DD93EAE18D776CB0BF1148068A1ADDC0F9215D608B805__XmlComment::get_Deprecated()
DA:52,0
FN:52,System.Collections.Generic.List`1<System.String> Microsoft.AspNetCore.OpenApi.Generated.<OpenApiXmlCommentSupport_generated>F0E57F3F97670CF85E68DD93EAE18D776CB0BF1148068A1ADDC0F9215D608B805__XmlComment::get_Examples()
FNDA:0,System.Collections.Generic.List`1<System.String> Microsoft.AspNetCore.OpenApi.Generated.<OpenApiXmlCommentSupport_generated>F0E57F3F97670CF85E68DD93EAE18D776CB0BF1148068A1ADDC0F9215D608B805__XmlComment::get_Examples()
DA:53,0
FN:53,System.Collections.Generic.List`1<Microsoft.AspNetCore.OpenApi.Generated.<OpenApiXmlCommentSupport_generated>F0E57F3F97670CF85E68DD93EAE18D776CB0BF1148068A1ADDC0F9215D608B805__XmlParameterComment> Microsoft.AspNetCore.OpenApi.Generated.<OpenApiXmlCommentSupport_generated>F0E57F3F97670CF85E68DD93EAE18D776CB0BF1148068A1ADDC0F9215D608B805__XmlComment::get_Parameters()
FNDA:0,System.Collections.Generic.List`1<Microsoft.AspNetCore.OpenApi.Generated.<OpenApiXmlCommentSupport_generated>F0E57F3F97670CF85E68DD93EAE18D776CB0BF1148068A1ADDC0F9215D608B805__XmlParameterComment> Microsoft.AspNetCore.OpenApi.Generated.<OpenApiXmlCommentSupport_generated>F0E57F3F97670CF85E68DD93EAE18D776CB0BF1148068A1ADDC0F9215D608B805__XmlComment::get_Parameters()
DA:54,0
FN:54,System.Collections.Generic.List`1<Microsoft.AspNetCore.OpenApi.Generated.<OpenApiXmlCommentSupport_generated>F0E57F3F97670CF85E68DD93EAE18D776CB0BF1148068A1ADDC0F9215D608B805__XmlResponseComment> Microsoft.AspNetCore.OpenApi.Generated.<OpenApiXmlCommentSupport_generated>F0E57F3F97670CF85E68DD93EAE18D776CB0BF1148068A1ADDC0F9215D608B805__XmlComment::get_Responses()
FNDA:0,System.Collections.Generic.List`1<Microsoft.AspNetCore.OpenApi.Generated.<OpenApiXmlCommentSupport_generated>F0E57F3F97670CF85E68DD93EAE18D776CB0BF1148068A1ADDC0F9215D608B805__XmlResponseComment> Microsoft.AspNetCore.OpenApi.Generated.<OpenApiXmlCommentSupport_generated>F0E57F3F97670CF85E68DD93EAE18D776CB0BF1148068A1ADDC0F9215D608B805__XmlComment::get_Responses()
DA:55,0
FN:45,System.Void Microsoft.AspNetCore.OpenApi.Generated.<OpenApiXmlCommentSupport_generated>F0E57F3F97670CF85E68DD93EAE18D776CB0BF1148068A1ADDC0F9215D608B805__XmlComment::.ctor(System.String,System.String,System.String,System.String,System.String,System.Boolean,System.Collections.Generic.List`1<System.String>,System.Collections.Generic.List`1<Microsoft.AspNetCore.OpenApi.Generated.<OpenApiXmlCommentSupport_generated>F0E57F3F97670CF85E68DD93EAE18D776CB0BF1148068A1ADDC0F9215D608B805__XmlParameterComment>,System.Collections.Generic.List`1<Microsoft.AspNetCore.OpenApi.Generated.<OpenApiXmlCommentSupport_generated>F0E57F3F97670CF85E68DD93EAE18D776CB0BF1148068A1ADDC0F9215D608B805__XmlResponseComment>)
FNDA:0,System.Void Microsoft.AspNetCore.OpenApi.Generated.<OpenApiXmlCommentSupport_generated>F0E57F3F97670CF85E68DD93EAE18D776CB0BF1148068A1ADDC0F9215D608B805__XmlComment::.ctor(System.String,System.String,System.String,System.String,System.String,System.Boolean,System.Collections.Generic.List`1<System.String>,System.Collections.Generic.List`1<Microsoft.AspNetCore.OpenApi.Generated.<OpenApiXmlCommentSupport_generated>F0E57F3F97670CF85E68DD93EAE18D776CB0BF1148068A1ADDC0F9215D608B805__XmlParameterComment>,System.Collections.Generic.List`1<Microsoft.AspNetCore.OpenApi.Generated.<OpenApiXmlCommentSupport_generated>F0E57F3F97670CF85E68DD93EAE18D776CB0BF1148068A1ADDC0F9215D608B805__XmlResponseComment>)
DA:46,0
FN:57,System.String Microsoft.AspNetCore.OpenApi.Generated.<OpenApiXmlCommentSupport_generated>F0E57F3F97670CF85E68DD93EAE18D776CB0BF1148068A1ADDC0F9215D608B805__XmlParameterComment::get_Name()
FNDA:0,System.String Microsoft.AspNetCore.OpenApi.Generated.<OpenApiXmlCommentSupport_generated>F0E57F3F97670CF85E68DD93EAE18D776CB0BF1148068A1ADDC0F9215D608B805__XmlParameterComment::get_Name()
DA:58,0
FN:60,System.String Microsoft.AspNetCore.OpenApi.Generated.<OpenApiXmlCommentSupport_generated>F0E57F3F97670CF85E68DD93EAE18D776CB0BF1148068A1ADDC0F9215D608B805__XmlResponseComment::get_Code()
FNDA:0,System.String Microsoft.AspNetCore.OpenApi.Generated.<OpenApiXmlCommentSupport_generated>F0E57F3F97670CF85E68DD93EAE18D776CB0BF1148068A1ADDC0F9215D608B805__XmlResponseComment::get_Code()
DA:61,0
FN:66,System.Collections.Generic.Dictionary`2<System.String,Microsoft.AspNetCore.OpenApi.Generated.<OpenApiXmlCommentSupport_generated>F0E57F3F97670CF85E68DD93EAE18D776CB0BF1148068A1ADDC0F9215D608B805__XmlComment> Microsoft.AspNetCore.OpenApi.Generated.<OpenApiXmlCommentSupport_generated>F0E57F3F97670CF85E68DD93EAE18D776CB0BF1148068A1ADDC0F9215D608B805__XmlCommentCache::get_Cache()
FNDA:0,System.Collections.Generic.Dictionary`2<System.String,Microsoft.AspNetCore.OpenApi.Generated.<OpenApiXmlCommentSupport_generated>F0E57F3F97670CF85E68DD93EAE18D776CB0BF1148068A1ADDC0F9215D608B805__XmlComment> Microsoft.AspNetCore.OpenApi.Generated.<OpenApiXmlCommentSupport_generated>F0E57F3F97670CF85E68DD93EAE18D776CB0BF1148068A1ADDC0F9215D608B805__XmlCommentCache::get_Cache()
DA:67,0
BRDA:67,6,0,0
BRDA:67,6,1,0
FN:69,System.Collections.Generic.Dictionary`2<System.String,Microsoft.AspNetCore.OpenApi.Generated.<OpenApiXmlCommentSupport_generated>F0E57F3F97670CF85E68DD93EAE18D776CB0BF1148068A1ADDC0F9215D608B805__XmlComment> Microsoft.AspNetCore.OpenApi.Generated.<OpenApiXmlCommentSupport_generated>F0E57F3F97670CF85E68DD93EAE18D776CB0BF1148068A1ADDC0F9215D608B805__XmlCommentCache::GenerateCacheEntries()
FNDA:0,System.Collections.Generic.Dictionary`2<System.String,Microsoft.AspNetCore.OpenApi.Generated.<OpenApiXmlCommentSupport_generated>F0E57F3F97670CF85E68DD93EAE18D776CB0BF1148068A1ADDC0F9215D608B805__XmlComment> Microsoft.AspNetCore.OpenApi.Generated.<OpenApiXmlCommentSupport_generated>F0E57F3F97670CF85E68DD93EAE18D776CB0BF1148068A1ADDC0F9215D608B805__XmlCommentCache::GenerateCacheEntries()
DA:70,0
DA:71,0
DA:74,0
DA:75,0
FN:85,System.String Microsoft.AspNetCore.OpenApi.Generated.<OpenApiXmlCommentSupport_generated>F0E57F3F97670CF85E68DD93EAE18D776CB0BF1148068A1ADDC0F9215D608B805__DocumentationCommentIdHelper::CreateDocumentationId(System.Type)
FNDA:0,System.String Microsoft.AspNetCore.OpenApi.Generated.<OpenApiXmlCommentSupport_generated>F0E57F3F97670CF85E68DD93EAE18D776CB0BF1148068A1ADDC0F9215D608B805__DocumentationCommentIdHelper::CreateDocumentationId(System.Type)
DA:86,0
DA:87,0
DA:88,0
DA:89,0
DA:92,0
DA:93,0
BRDA:87,10,0,0
BRDA:87,10,1,0
FN:99,System.String Microsoft.AspNetCore.OpenApi.Generated.<OpenApiXmlCommentSupport_generated>F0E57F3F97670CF85E68DD93EAE18D776CB0BF1148068A1ADDC0F9215D608B805__DocumentationCommentIdHelper::CreateDocumentationId(System.Reflection.PropertyInfo)
FNDA:0,System.String Microsoft.AspNetCore.OpenApi.Generated.<OpenApiXmlCommentSupport_generated>F0E57F3F97670CF85E68DD93EAE18D776CB0BF1148068A1ADDC0F9215D608B805__DocumentationCommentIdHelper::CreateDocumentationId(System.Reflection.PropertyInfo)
DA:100,0
DA:101,0
DA:102,0
DA:103,0
DA:106,0
DA:107,0
DA:109,0
DA:110,0
DA:111,0
DA:112,0
DA:114,0
DA:115,0
DA:118,0
DA:119,0
DA:120,0
DA:121,0
DA:122,0
DA:123,0
DA:124,0
DA:125,0
DA:126,0
DA:127,0
DA:129,0
DA:130,0
DA:131,0
DA:132,0
DA:134,0
DA:135,0
BRDA:101,10,0,0
BRDA:101,10,1,0
BRDA:109,56,0,0
BRDA:109,56,1,0
BRDA:119,118,0,0
BRDA:122,199,1,0
BRDA:124,145,0,0
BRDA:124,145,1,0
BRDA:122,199,0,0
BRDA:119,118,1,0
FN:141,System.String Microsoft.AspNetCore.OpenApi.Generated.<OpenApiXmlCommentSupport_generated>F0E57F3F97670CF85E68DD93EAE18D776CB0BF1148068A1ADDC0F9215D608B805__DocumentationCommentIdHelper::CreateDocumentationId(System.Type,System.String)
FNDA:0,System.String Microsoft.AspNetCore.OpenApi.Generated.<OpenApiXmlCommentSupport_generated>F0E57F3F97670CF85E68DD93EAE18D776CB0BF1148068A1ADDC0F9215D608B805__DocumentationCommentIdHelper::CreateDocumentationId(System.Type,System.String)
DA:142,0
DA:143,0
DA:144,0
DA:145,0
DA:147,0
DA:148,0
DA:149,0
DA:152,0
DA:153,0
DA:154,0
DA:155,0
DA:156,0
DA:158,0
DA:159,0
BRDA:143,10,0,0
BRDA:143,10,1,0
BRDA:147,32,0,0
BRDA:147,32,1,0
FN:167,System.String Microsoft.AspNetCore.OpenApi.Generated.<OpenApiXmlCommentSupport_generated>F0E57F3F97670CF85E68DD93EAE18D776CB0BF1148068A1ADDC0F9215D608B805__DocumentationCommentIdHelper::CreateDocumentationId(System.Reflection.MethodInfo)
FNDA:0,System.String Microsoft.AspNetCore.OpenApi.Generated.<OpenApiXmlCommentSupport_generated>F0E57F3F97670CF85E68DD93EAE18D776CB0BF1148068A1ADDC0F9215D608B805__DocumentationCommentIdHelper::CreateDocumentationId(System.Reflection.MethodInfo)
DA:168,0
DA:169,0
DA:170,0
DA:171,0
DA:174,0
DA:175,0
DA:178,0
DA:179,0
DA:180,0
DA:181,0
DA:183,0
DA:186,0
DA:187,0
DA:188,0
DA:189,0
DA:191,0
DA:192,0
DA:193,0
DA:194,0
DA:195,0
DA:196,0
DA:197,0
DA:198,0
DA:201,0
DA:202,0
DA:203,0
DA:204,0
DA:205,0
DA:206,0
DA:207,0
DA:208,0
DA:209,0
DA:210,0
DA:213,0
DA:214,0
DA:215,0
DA:216,0
DA:219,0
DA:220,0
DA:221,0
DA:223,0
DA:224,0
DA:226,0
DA:227,0
BRDA:169,10,0,0
BRDA:169,10,1,0
BRDA:178,56,0,0
BRDA:178,56,1,0
BRDA:186,99,0,0
BRDA:188,109,0,0
BRDA:188,109,1,0
BRDA:186,99,1,0
BRDA:193,156,0,0
BRDA:193,156,1,0
BRDA:202,219,0,0
BRDA:205,300,1,0
BRDA:207,246,0,0
BRDA:207,246,1,0
BRDA:205,300,0,0
BRDA:202,219,1,0
BRDA:219,337,0,0
BRDA:219,337,1,0
FN:237,System.String Microsoft.AspNetCore.OpenApi.Generated.<OpenApiXmlCommentSupport_generated>F0E57F3F97670CF85E68DD93EAE18D776CB0BF1148068A1ADDC0F9215D608B805__DocumentationCommentIdHelper::GetTypeDocId(System.Type,System.Boolean,System.Boolean)
FNDA:0,System.String Microsoft.AspNetCore.OpenApi.Generated.<OpenApiXmlCommentSupport_generated>F0E57F3F97670CF85E68DD93EAE18D776CB0BF1148068A1ADDC0F9215D608B805__DocumentationCommentIdHelper::GetTypeDocId(System.Type,System.Boolean,System.Boolean)
DA:238,0
DA:239,0
DA:240,0
DA:242,0
DA:243,0
DA:244,0
DA:246,0
DA:247,0
DA:248,0
DA:251,0
DA:252,0
DA:256,0
DA:257,0
DA:258,0
DA:259,0
DA:261,0
DA:264,0
DA:265,0
DA:266,0
DA:267,0
DA:268,0
DA:269,0
DA:270,0
DA:271,0
DA:272,0
DA:273,0
DA:276,0
DA:277,0
DA:278,0
DA:279,0
DA:281,0
DA:282,0
DA:283,0
DA:284,0
DA:285,0
DA:286,0
DA:288,0
DA:289,0
DA:290,0
DA:291,0
DA:293,0
DA:294,0
DA:295,0
DA:296,0
DA:297,0
DA:298,0
DA:300,0
DA:301,0
DA:303,0
DA:304,0
DA:306,0
DA:310,0
DA:311,0
BRDA:239,9,0,0
BRDA:242,26,0,0
BRDA:242,26,1,0
BRDA:246,75,0,0
BRDA:246,75,1,0
BRDA:239,9,1,0
BRDA:256,131,0,0
BRDA:259,153,0,0
BRDA:259,153,1,0
BRDA:264,271,1,0
BRDA:267,206,0,0
BRDA:267,206,1,0
BRDA:271,232,0,0
BRDA:271,232,1,0
BRDA:264,271,0,0
BRDA:281,281,0,0
BRDA:281,281,1,0
BRDA:288,332,0,0
BRDA:288,332,1,0
BRDA:288,350,0,0
BRDA:293,439,1,0
BRDA:295,386,0,0
BRDA:295,386,1,0
BRDA:293,439,0,0
BRDA:288,350,1,0
BRDA:256,131,1,0
BRDA:310,469,0,0
BRDA:310,469,1,0
FN:319,System.String Microsoft.AspNetCore.OpenApi.Generated.<OpenApiXmlCommentSupport_generated>F0E57F3F97670CF85E68DD93EAE18D776CB0BF1148068A1ADDC0F9215D608B805__DocumentationCommentIdHelper::NormalizeDocId(System.String)
FNDA:0,System.String Microsoft.AspNetCore.OpenApi.Generated.<OpenApiXmlCommentSupport_generated>F0E57F3F97670CF85E68DD93EAE18D776CB0BF1148068A1ADDC0F9215D608B805__DocumentationCommentIdHelper::NormalizeDocId(System.String)
DA:320,0
DA:322,0
DA:323,0
DA:324,0
DA:326,0
DA:331,0
DA:332,0
DA:333,0
DA:337,0
DA:338,0
BRDA:323,16,0,0
BRDA:323,16,1,0
BRDA:331,34,0,0
BRDA:331,34,1,0
BRDA:331,52,0,0
BRDA:331,52,1,0
FN:344,System.Threading.Tasks.Task Microsoft.AspNetCore.OpenApi.Generated.<OpenApiXmlCommentSupport_generated>F0E57F3F97670CF85E68DD93EAE18D776CB0BF1148068A1ADDC0F9215D608B805__XmlCommentOperationTransformer::TransformAsync(Microsoft.OpenApi.OpenApiOperation,Microsoft.AspNetCore.OpenApi.OpenApiOperationTransformerContext,System.Threading.CancellationToken)
FNDA:0,System.Threading.Tasks.Task Microsoft.AspNetCore.OpenApi.Generated.<OpenApiXmlCommentSupport_generated>F0E57F3F97670CF85E68DD93EAE18D776CB0BF1148068A1ADDC0F9215D608B805__XmlCommentOperationTransformer::TransformAsync(Microsoft.OpenApi.OpenApiOperation,Microsoft.AspNetCore.OpenApi.OpenApiOperationTransformerContext,System.Threading.CancellationToken)
DA:345,0
DA:346,0
DA:347,0
DA:348,0
DA:350,0
DA:351,0
DA:352,0
DA:354,0
DA:355,0
DA:356,0
DA:357,0
DA:358,0
DA:359,0
DA:360,0
DA:361,0
DA:362,0
DA:363,0
DA:364,0
DA:365,0
DA:366,0
DA:367,0
DA:368,0
DA:369,0
DA:370,0
DA:371,0
DA:372,0
DA:373,0
DA:374,0
DA:375,0
DA:376,0
DA:377,0
DA:378,0
DA:379,0
DA:380,0
DA:381,0
DA:382,0
DA:383,0
DA:385,0
DA:386,0
DA:387,0
DA:388,0
DA:389,0
DA:390,0
DA:391,0
DA:392,0
DA:393,0
DA:394,0
DA:395,0
DA:397,0
DA:398,0
DA:399,0
DA:400,0
DA:401,0
DA:402,0
DA:403,0
DA:404,0
DA:405,0
DA:407,0
DA:408,0
DA:409,0
DA:410,0
DA:411,0
DA:413,0
DA:414,0
DA:415,0
DA:416,0
DA:417,0
DA:418,0
DA:419,0
DA:420,0
DA:421,0
DA:422,0
DA:423,0
DA:424,0
DA:425,0
DA:426,0
DA:427,0
DA:428,0
DA:429,0
DA:430,0
DA:431,0
DA:432,0
DA:433,0
DA:434,0
DA:435,0
DA:436,0
DA:437,0
DA:438,0
DA:439,0
DA:440,0
DA:441,0
DA:442,0
DA:443,0
DA:444,0
DA:445,0
DA:446,0
DA:447,0
DA:448,0
DA:449,0
DA:450,0
DA:451,0
DA:452,0
DA:453,0
DA:454,0
DA:455,0
DA:456,0
DA:458,0
DA:459,0
DA:460,0
DA:461,0
DA:462,0
DA:463,0
DA:464,0
DA:465,0
DA:467,0
DA:468,0
DA:469,0
DA:470,0
DA:471,0
DA:472,0
DA:473,0
DA:474,0
DA:475,0
DA:476,0
DA:477,0
DA:478,0
DA:480,0
DA:481,0
BRDA:346,19,0,0
BRDA:346,19,1,0
BRDA:350,62,0,0
BRDA:350,62,1,0
BRDA:354,104,0,0
BRDA:356,127,0,0
BRDA:356,127,1,0
BRDA:360,157,0,0
BRDA:360,157,1,0
BRDA:364,187,0,0
BRDA:364,187,1,0
BRDA:368,210,0,0
BRDA:368,210,1,0
BRDA:368,229,0,0
BRDA:370,629,1,0
BRDA:373,309,0,0
BRDA:373,309,1,0
BRDA:374,344,0,0
BRDA:378,399,0,0
BRDA:378,399,1,0
BRDA:374,344,1,0
BRDA:387,462,0,0
BRDA:390,511,0,0
BRDA:392,516,0,0
BRDA:392,516,1,0
BRDA:392,529,0,0
BRDA:392,529,1,0
BRDA:393,551,0,0
BRDA:393,551,1,0
BRDA:397,601,1,0
BRDA:397,601,0,0
BRDA:390,511,1,0
BRDA:387,462,1,0
BRDA:370,629,0,0
BRDA:368,229,1,0
BRDA:407,662,0,0
BRDA:407,674,0,0
BRDA:407,674,1,0
BRDA:407,662,1,0
BRDA:407,696,0,0
BRDA:407,696,1,0
BRDA:413,738,0,0
BRDA:413,748,0,0
BRDA:413,760,0,0
BRDA:413,760,1,0
BRDA:413,738,1,0
BRDA:413,748,1,0
BRDA:413,782,0,0
BRDA:415,898,1,0
BRDA:418,861,0,0
BRDA:418,861,1,0
BRDA:415,898,0,0
BRDA:413,782,1,0
BRDA:354,104,1,0
BRDA:425,1499,1,0
BRDA:428,981,0,0
BRDA:428,996,0,0
BRDA:428,1014,0,0
BRDA:428,981,1,0
BRDA:428,996,1,0
BRDA:428,1014,1,0
BRDA:428,1042,0,0
BRDA:434,1082,0,0
BRDA:436,1095,0,0
BRDA:436,1095,1,0
BRDA:438,1137,0,0
BRDA:438,1137,1,0
BRDA:438,1161,0,0
BRDA:438,1161,1,0
BRDA:442,1199,0,0
BRDA:442,1199,1,0
BRDA:446,1221,0,0
BRDA:448,1243,0,0
BRDA:451,1271,0,0
BRDA:451,1271,1,0
BRDA:451,1293,0,0
BRDA:453,1308,0,0
BRDA:453,1308,1,0
BRDA:454,1330,0,0
BRDA:454,1330,1,0
BRDA:459,1387,1,0
BRDA:459,1387,0,0
BRDA:451,1293,1,0
BRDA:446,1221,1,0
BRDA:468,1426,0,0
BRDA:471,1447,0,0
BRDA:471,1447,1,0
BRDA:471,1469,0,0
BRDA:471,1469,1,0
BRDA:468,1426,1,0
BRDA:434,1082,1,0
BRDA:428,1042,1,0
BRDA:448,1243,1,0
BRDA:425,1499,0,0
FN:483,Microsoft.OpenApi.OpenApiParameter Microsoft.AspNetCore.OpenApi.Generated.<OpenApiXmlCommentSupport_generated>F0E57F3F97670CF85E68DD93EAE18D776CB0BF1148068A1ADDC0F9215D608B805__XmlCommentOperationTransformer::UnwrapOpenApiParameter(Microsoft.OpenApi.IOpenApiParameter)
FNDA:0,Microsoft.OpenApi.OpenApiParameter Microsoft.AspNetCore.OpenApi.Generated.<OpenApiXmlCommentSupport_generated>F0E57F3F97670CF85E68DD93EAE18D776CB0BF1148068A1ADDC0F9215D608B805__XmlCommentOperationTransformer::UnwrapOpenApiParameter(Microsoft.OpenApi.IOpenApiParameter)
DA:484,0
DA:485,0
DA:486,0
DA:487,0
DA:488,0
DA:489,0
DA:492,0
DA:493,0
DA:496,0
DA:497,0
DA:498,0
DA:501,0
DA:502,0
DA:504,0
BRDA:485,14,0,0
BRDA:487,35,0,0
BRDA:487,35,1,0
BRDA:485,14,1,0
BRDA:496,72,0,0
BRDA:496,72,1,0
FN:510,System.Threading.Tasks.Task Microsoft.AspNetCore.OpenApi.Generated.<OpenApiXmlCommentSupport_generated>F0E57F3F97670CF85E68DD93EAE18D776CB0BF1148068A1ADDC0F9215D608B805__XmlCommentSchemaTransformer::TransformAsync(Microsoft.OpenApi.OpenApiSchema,Microsoft.AspNetCore.OpenApi.OpenApiSchemaTransformerContext,System.Threading.CancellationToken)
FNDA:0,System.Threading.Tasks.Task Microsoft.AspNetCore.OpenApi.Generated.<OpenApiXmlCommentSupport_generated>F0E57F3F97670CF85E68DD93EAE18D776CB0BF1148068A1ADDC0F9215D608B805__XmlCommentSchemaTransformer::TransformAsync(Microsoft.OpenApi.OpenApiSchema,Microsoft.AspNetCore.OpenApi.OpenApiSchemaTransformerContext,System.Threading.CancellationToken)
DA:511,0
DA:513,0
DA:514,0
DA:515,0
DA:516,0
DA:517,0
DA:518,0
DA:519,0
DA:520,0
DA:522,0
DA:523,0
DA:525,0
DA:526,0
DA:527,0
DA:528,0
DA:529,0
DA:530,0
DA:531,0
DA:532,0
DA:533,0
DA:534,0
DA:535,0
DA:536,0
DA:537,0
DA:538,0
DA:539,0
DA:541,0
DA:542,0
DA:543,0
DA:544,0
DA:545,0
DA:546,0
DA:548,0
DA:550,0
DA:551,0
DA:552,0
DA:553,0
DA:554,0
DA:555,0
DA:556,0
DA:557,0
DA:558,0
DA:559,0
DA:560,0
DA:561,0
DA:562,0
BRDA:513,36,0,0
BRDA:516,59,0,0
BRDA:516,59,1,0
BRDA:516,79,0,0
BRDA:516,79,1,0
BRDA:513,36,1,0
BRDA:522,107,0,0
BRDA:522,107,1,0
BRDA:522,133,0,0
BRDA:525,166,0,0
BRDA:528,188,0,0
BRDA:528,188,1,0
BRDA:528,212,0,0
BRDA:528,212,1,0
BRDA:532,250,0,0
BRDA:532,250,1,0
BRDA:536,269,0,0
BRDA:536,289,0,0
BRDA:536,269,1,0
BRDA:536,289,1,0
BRDA:536,310,0,0
BRDA:542,330,0,0
BRDA:542,330,1,0
BRDA:542,352,0,0
BRDA:542,352,1,0
BRDA:536,310,1,0
BRDA:550,388,0,0
BRDA:550,388,1,0
BRDA:554,419,0,0
BRDA:554,419,1,0
BRDA:554,441,0,0
BRDA:554,441,1,0
BRDA:525,166,1,0
BRDA:522,133,1,0
FN:568,System.Text.Json.Nodes.JsonNode Microsoft.AspNetCore.OpenApi.Generated.<OpenApiXmlCommentSupport_generated>F0E57F3F97670CF85E68DD93EAE18D776CB0BF1148068A1ADDC0F9215D608B805__JsonNodeExtensions::Parse(System.String)
FNDA:0,System.Text.Json.Nodes.JsonNode Microsoft.AspNetCore.OpenApi.Generated.<OpenApiXmlCommentSupport_generated>F0E57F3F97670CF85E68DD93EAE18D776CB0BF1148068A1ADDC0F9215D608B805__JsonNodeExtensions::Parse(System.String)
DA:569,0
DA:570,0
DA:571,0
DA:572,0
DA:576,0
DA:577,0
DA:579,0
DA:580,0
DA:582,0
DA:584,0
DA:586,0
DA:587,0
DA:588,0
DA:591,0
BRDA:570,7,0,0
BRDA:570,7,1,0
FN:598,Microsoft.Extensions.DependencyInjection.IServiceCollection Microsoft.AspNetCore.OpenApi.Generated.<OpenApiXmlCommentSupport_generated>F0E57F3F97670CF85E68DD93EAE18D776CB0BF1148068A1ADDC0F9215D608B805__GeneratedServiceCollectionExtensions::AddOpenApi(Microsoft.Extensions.DependencyInjection.IServiceCollection)
FNDA:0,Microsoft.Extensions.DependencyInjection.IServiceCollection Microsoft.AspNetCore.OpenApi.Generated.<OpenApiXmlCommentSupport_generated>F0E57F3F97670CF85E68DD93EAE18D776CB0BF1148068A1ADDC0F9215D608B805__GeneratedServiceCollectionExtensions::AddOpenApi(Microsoft.Extensions.DependencyInjection.IServiceCollection)
DA:599,0
DA:600,0
DA:601,0
DA:602,0
DA:603,0
DA:604,0
DA:605,0
FN:19,System.Void System.Runtime.CompilerServices.<OpenApiXmlCommentSupport_generated>F0E57F3F97670CF85E68DD93EAE18D776CB0BF1148068A1ADDC0F9215D608B805__InterceptsLocationAttribute::.ctor(System.Int32,System.String)
FNDA:0,System.Void System.Runtime.CompilerServices.<OpenApiXmlCommentSupport_generated>F0E57F3F97670CF85E68DD93EAE18D776CB0BF1148068A1ADDC0F9215D608B805__InterceptsLocationAttribute::.ctor(System.Int32,System.String)
DA:20,0
DA:21,0
DA:22,0
LF:384
LH:0
BRF:206
BRH:0
FNF:26
FNH:0
end_of_record
SF:C:\deloitte-bootcamp-dia26\Minhaapi\Models\LoteMinerio.cs
FN:11,System.Int32 MinhaApi.Models.LoteMinerio::get_Id()
FNDA:2,System.Int32 MinhaApi.Models.LoteMinerio::get_Id()
DA:12,2
FN:14,System.String MinhaApi.Models.LoteMinerio::get_CodigoLote()
FNDA:12,System.String MinhaApi.Models.LoteMinerio::get_CodigoLote()
DA:15,12
FN:15,System.String MinhaApi.Models.LoteMinerio::get_MinaOrigem()
FNDA:12,System.String MinhaApi.Models.LoteMinerio::get_MinaOrigem()
DA:16,12
FN:18,System.Decimal MinhaApi.Models.LoteMinerio::get_TeorFe()
FNDA:13,System.Decimal MinhaApi.Models.LoteMinerio::get_TeorFe()
DA:19,13
FN:19,System.Decimal MinhaApi.Models.LoteMinerio::get_Umidade()
FNDA:10,System.Decimal MinhaApi.Models.LoteMinerio::get_Umidade()
DA:20,10
FN:20,System.Nullable`1<System.Decimal> MinhaApi.Models.LoteMinerio::get_SiO2()
FNDA:1,System.Nullable`1<System.Decimal> MinhaApi.Models.LoteMinerio::get_SiO2()
DA:21,1
FN:21,System.Nullable`1<System.Decimal> MinhaApi.Models.LoteMinerio::get_P()
FNDA:1,System.Nullable`1<System.Decimal> MinhaApi.Models.LoteMinerio::get_P()
DA:22,1
FN:24,System.Decimal MinhaApi.Models.LoteMinerio::get_Toneladas()
FNDA:7,System.Decimal MinhaApi.Models.LoteMinerio::get_Toneladas()
DA:25,7
FN:25,System.DateTime MinhaApi.Models.LoteMinerio::get_DataProducao()
FNDA:1,System.DateTime MinhaApi.Models.LoteMinerio::get_DataProducao()
DA:26,1
FN:26,MinhaApi.Models.StatusLote MinhaApi.Models.LoteMinerio::get_Status()
FNDA:3,MinhaApi.Models.StatusLote MinhaApi.Models.LoteMinerio::get_Status()
DA:27,3
FN:27,System.String MinhaApi.Models.LoteMinerio::get_LocalizacaoAtual()
FNDA:11,System.String MinhaApi.Models.LoteMinerio::get_LocalizacaoAtual()
DA:28,11
FN:30,System.Boolean MinhaApi.Models.LoteMinerio::ValidarQualidade()
FNDA:4,System.Boolean MinhaApi.Models.LoteMinerio::ValidarQualidade()
DA:31,4
DA:32,5
DA:33,4
DA:34,3
DA:35,1
DA:36,4
BRDA:32,17,0,4
BRDA:32,17,1,0
BRDA:32,42,0,1
BRDA:32,42,1,3
BRDA:33,64,0,2
BRDA:33,64,1,1
BRDA:33,89,0,1
BRDA:33,89,1,2
BRDA:34,113,0,1
BRDA:34,113,1,1
LF:17
LH:17
BRF:10
BRH:9
FNF:12
FNH:12
end_of_record
SF:C:\deloitte-bootcamp-dia26\Minhaapi\Dtos\CreateLoteMinerioDto.cs
FN:4,System.String MinhaApi.Dtos.CreateLoteMinerioDto::get_CodigoLote()
FNDA:13,System.String MinhaApi.Dtos.CreateLoteMinerioDto::get_CodigoLote()
DA:5,13
FN:5,System.String MinhaApi.Dtos.CreateLoteMinerioDto::get_MinaOrigem()
FNDA:11,System.String MinhaApi.Dtos.CreateLoteMinerioDto::get_MinaOrigem()
DA:6,11
FN:6,System.Decimal MinhaApi.Dtos.CreateLoteMinerioDto::get_TeorFe()
FNDA:6,System.Decimal MinhaApi.Dtos.CreateLoteMinerioDto::get_TeorFe()
DA:7,6
FN:7,System.Decimal MinhaApi.Dtos.CreateLoteMinerioDto::get_Umidade()
FNDA:5,System.Decimal MinhaApi.Dtos.CreateLoteMinerioDto::get_Umidade()
DA:8,5
FN:8,System.Nullable`1<System.Decimal> MinhaApi.Dtos.CreateLoteMinerioDto::get_SiO2()
FNDA:5,System.Nullable`1<System.Decimal> MinhaApi.Dtos.CreateLoteMinerioDto::get_SiO2()
DA:9,5
FN:9,System.Nullable`1<System.Decimal> MinhaApi.Dtos.CreateLoteMinerioDto::get_P()
FNDA:5,System.Nullable`1<System.Decimal> MinhaApi.Dtos.CreateLoteMinerioDto::get_P()
DA:10,5
FN:10,System.Decimal MinhaApi.Dtos.CreateLoteMinerioDto::get_Toneladas()
FNDA:5,System.Decimal MinhaApi.Dtos.CreateLoteMinerioDto::get_Toneladas()
DA:11,5
FN:11,System.Nullable`1<System.DateTime> MinhaApi.Dtos.CreateLoteMinerioDto::get_DataProducao()
FNDA:5,System.Nullable`1<System.DateTime> MinhaApi.Dtos.CreateLoteMinerioDto::get_DataProducao()
DA:12,5
FN:12,System.Int32 MinhaApi.Dtos.CreateLoteMinerioDto::get_Status()
FNDA:5,System.Int32 MinhaApi.Dtos.CreateLoteMinerioDto::get_Status()
DA:13,5
FN:13,System.String MinhaApi.Dtos.CreateLoteMinerioDto::get_LocalizacaoAtual()
FNDA:11,System.String MinhaApi.Dtos.CreateLoteMinerioDto::get_LocalizacaoAtual()
DA:14,11
LF:10
LH:10
BRF:0
BRH:0
FNF:10
FNH:10
end_of_record
SF:C:\deloitte-bootcamp-dia26\Minhaapi\Dtos\LoteMinerioResponseDto.cs
FN:6,System.Int32 MinhaApi.Dtos.LoteMinerioResponseDto::get_Id()
FNDA:1,System.Int32 MinhaApi.Dtos.LoteMinerioResponseDto::get_Id()
DA:7,1
FN:7,System.String MinhaApi.Dtos.LoteMinerioResponseDto::get_CodigoLote()
FNDA:1,System.String MinhaApi.Dtos.LoteMinerioResponseDto::get_CodigoLote()
DA:8,1
FN:8,System.String MinhaApi.Dtos.LoteMinerioResponseDto::get_MinaOrigem()
FNDA:1,System.String MinhaApi.Dtos.LoteMinerioResponseDto::get_MinaOrigem()
DA:9,1
FN:9,System.Decimal MinhaApi.Dtos.LoteMinerioResponseDto::get_TeorFe()
FNDA:1,System.Decimal MinhaApi.Dtos.LoteMinerioResponseDto::get_TeorFe()
DA:10,1
FN:10,System.Decimal MinhaApi.Dtos.LoteMinerioResponseDto::get_Umidade()
FNDA:1,System.Decimal MinhaApi.Dtos.LoteMinerioResponseDto::get_Umidade()
DA:11,1
FN:11,System.Nullable`1<System.Decimal> MinhaApi.Dtos.LoteMinerioResponseDto::get_SiO2()
FNDA:2,System.Nullable`1<System.Decimal> MinhaApi.Dtos.LoteMinerioResponseDto::get_SiO2()
DA:12,2
FN:12,System.Nullable`1<System.Decimal> MinhaApi.Dtos.LoteMinerioResponseDto::get_P()
FNDA:2,System.Nullable`1<System.Decimal> MinhaApi.Dtos.LoteMinerioResponseDto::get_P()
DA:13,2
FN:13,System.Decimal MinhaApi.Dtos.LoteMinerioResponseDto::get_Toneladas()
FNDA:1,System.Decimal MinhaApi.Dtos.LoteMinerioResponseDto::get_Toneladas()
DA:14,1
FN:14,System.DateTime MinhaApi.Dtos.LoteMinerioResponseDto::get_DataProducao()
FNDA:1,System.DateTime MinhaApi.Dtos.LoteMinerioResponseDto::get_DataProducao()
DA:15,1
FN:15,MinhaApi.Models.StatusLote MinhaApi.Dtos.LoteMinerioResponseDto::get_Status()
FNDA:1,MinhaApi.Models.StatusLote MinhaApi.Dtos.LoteMinerioResponseDto::get_Status()
DA:16,1
FN:16,System.String MinhaApi.Dtos.LoteMinerioResponseDto::get_LocalizacaoAtual()
FNDA:1,System.String MinhaApi.Dtos.LoteMinerioResponseDto::get_LocalizacaoAtual()
DA:17,1
FN:5,System.Void MinhaApi.Dtos.LoteMinerioResponseDto::.ctor(System.Int32,System.String,System.String,System.Decimal,System.Decimal,System.Nullable`1<System.Decimal>,System.Nullable`1<System.Decimal>,System.Decimal,System.DateTime,MinhaApi.Models.StatusLote,System.String)
FNDA:4,System.Void MinhaApi.Dtos.LoteMinerioResponseDto::.ctor(System.Int32,System.String,System.String,System.Decimal,System.Decimal,System.Nullable`1<System.Decimal>,System.Nullable`1<System.Decimal>,System.Decimal,System.DateTime,MinhaApi.Models.StatusLote,System.String)
DA:6,4
DA:18,4
LF:13
LH:13
BRF:0
BRH:0
FNF:12
FNH:12
end_of_record
SF:C:\deloitte-bootcamp-dia26\Minhaapi\Dtos\LotesMinerioDeleteDto.cs
FN:4,System.Int32 MinhaApi.Dtos.LotesMinerioDeleteDto::get_Id()
FNDA:3,System.Int32 MinhaApi.Dtos.LotesMinerioDeleteDto::get_Id()
DA:5,3
LF:1
LH:1
BRF:0
BRH:0
FNF:1
FNH:1
end_of_record
SF:C:\deloitte-bootcamp-dia26\Minhaapi\Dtos\LotesMinerioUpdateDto.cs
FN:4,System.String MinhaApi.Dtos.LotesMinerioUpdateDto::get_MinaOrigem()
FNDA:6,System.String MinhaApi.Dtos.LotesMinerioUpdateDto::get_MinaOrigem()
DA:5,6
FN:5,System.Decimal MinhaApi.Dtos.LotesMinerioUpdateDto::get_TeorFe()
FNDA:3,System.Decimal MinhaApi.Dtos.LotesMinerioUpdateDto::get_TeorFe()
DA:6,3
FN:6,System.Decimal MinhaApi.Dtos.LotesMinerioUpdateDto::get_Umidade()
FNDA:2,System.Decimal MinhaApi.Dtos.LotesMinerioUpdateDto::get_Umidade()
DA:7,2
FN:7,System.Nullable`1<System.Decimal> MinhaApi.Dtos.LotesMinerioUpdateDto::get_SiO2()
FNDA:5,System.Nullable`1<System.Decimal> MinhaApi.Dtos.LotesMinerioUpdateDto::get_SiO2()
DA:8,5
FN:8,System.Nullable`1<System.Decimal> MinhaApi.Dtos.LotesMinerioUpdateDto::get_P()
FNDA:5,System.Nullable`1<System.Decimal> MinhaApi.Dtos.LotesMinerioUpdateDto::get_P()
DA:9,5
FN:9,System.Decimal MinhaApi.Dtos.LotesMinerioUpdateDto::get_Toneladas()
FNDA:2,System.Decimal MinhaApi.Dtos.LotesMinerioUpdateDto::get_Toneladas()
DA:10,2
FN:10,System.Int32 MinhaApi.Dtos.LotesMinerioUpdateDto::get_Status()
FNDA:3,System.Int32 MinhaApi.Dtos.LotesMinerioUpdateDto::get_Status()
DA:11,3
FN:11,System.String MinhaApi.Dtos.LotesMinerioUpdateDto::get_LocalizacaoAtual()
FNDA:6,System.String MinhaApi.Dtos.LotesMinerioUpdateDto::get_LocalizacaoAtual()
DA:12,6
LF:8
LH:8
BRF:0
BRH:0
FNF:8
FNH:8
end_of_record
SF:C:\deloitte-bootcamp-dia26\Minhaapi\Data\AppDbContext.cs
FN:9,Microsoft.EntityFrameworkCore.DbSet`1<MinhaApi.Models.LoteMinerio> MinhaApi.Data.AppDbContext::get_LotesMinerio()
FNDA:9,Microsoft.EntityFrameworkCore.DbSet`1<MinhaApi.Models.LoteMinerio> MinhaApi.Data.AppDbContext::get_LotesMinerio()
DA:10,9
FN:12,System.Void MinhaApi.Data.AppDbContext::OnModelCreating(Microsoft.EntityFrameworkCore.ModelBuilder)
FNDA:2,System.Void MinhaApi.Data.AppDbContext::OnModelCreating(Microsoft.EntityFrameworkCore.ModelBuilder)
DA:13,2
DA:14,2
DA:16,2
DA:17,2
DA:18,2
DA:19,2
DA:20,2
DA:21,2
DA:22,2
DA:23,2
DA:24,2
DA:25,2
DA:26,2
DA:27,2
DA:28,2
DA:29,2
DA:30,2
DA:31,2
DA:32,2
DA:33,2
DA:34,2
DA:35,2
DA:36,2
DA:37,2
DA:38,2
DA:39,2
DA:40,2
DA:41,2
DA:42,2
DA:43,2
DA:44,4
DA:45,2
FN:7,System.Void MinhaApi.Data.AppDbContext::.ctor(Microsoft.EntityFrameworkCore.DbContextOptions`1<MinhaApi.Data.AppDbContext>)
FNDA:39,System.Void MinhaApi.Data.AppDbContext::.ctor(Microsoft.EntityFrameworkCore.DbContextOptions`1<MinhaApi.Data.AppDbContext>)
DA:8,39
LF:34
LH:34
BRF:0
BRH:0
FNF:3
FNH:3
end_of_record
SF:C:\deloitte-bootcamp-dia26\Minhaapi\Controllers\LotesMinerioControllers.cs
FN:14,System.Void MinhaApi.Controllers.LotesMinerioController::.ctor(MinhaApi.Data.AppDbContext)
FNDA:8,System.Void MinhaApi.Controllers.LotesMinerioController::.ctor(MinhaApi.Data.AppDbContext)
DA:15,8
FN:19,System.Void MinhaApi.Controllers.LotesMinerioController/<Create>d__2::MoveNext()
FNDA:2,System.Void MinhaApi.Controllers.LotesMinerioController/<Create>d__2::MoveNext()
DA:20,2
DA:21,2
DA:22,1
DA:23,1
DA:24,0
DA:25,1
DA:26,0
DA:27,1
DA:28,0
DA:29,1
DA:30,0
DA:31,1
DA:32,0
DA:33,1
DA:34,0
DA:36,1
DA:37,1
DA:38,0
DA:40,1
DA:41,1
DA:42,1
DA:43,1
DA:44,1
DA:45,1
DA:46,1
DA:47,1
DA:48,1
DA:49,1
DA:50,1
DA:51,1
DA:52,1
DA:54,1
DA:55,1
DA:57,1
DA:58,2
BRDA:21,80,0,1
BRDA:21,80,1,1
BRDA:23,127,0,0
BRDA:23,127,1,1
BRDA:25,176,0,0
BRDA:25,176,1,1
BRDA:27,230,0,1
BRDA:27,230,1,0
BRDA:27,246,1,0
BRDA:27,246,0,1
BRDA:27,264,0,0
BRDA:27,264,1,1
BRDA:29,318,0,1
BRDA:29,318,1,0
BRDA:29,334,1,0
BRDA:29,334,0,1
BRDA:29,352,0,0
BRDA:29,352,1,1
BRDA:31,406,0,0
BRDA:31,406,1,1
BRDA:33,451,0,1
BRDA:33,451,1,0
BRDA:33,456,1,0
BRDA:33,456,0,1
BRDA:33,474,0,0
BRDA:33,474,1,1
BRDA:37,771,0,0
BRDA:37,771,1,1
BRDA:40,1014,0,1
BRDA:40,1014,1,0
FN:92,System.Void MinhaApi.Controllers.LotesMinerioController/<Delete>d__5::MoveNext()
FNDA:1,System.Void MinhaApi.Controllers.LotesMinerioController/<Delete>d__5::MoveNext()
DA:93,1
DA:94,1
DA:96,1
DA:97,0
DA:99,1
DA:100,1
DA:102,1
DA:104,1
BRDA:96,198,0,0
BRDA:96,198,1,1
FN:77,System.Void MinhaApi.Controllers.LotesMinerioController/<GetAll>d__4::MoveNext()
FNDA:0,System.Void MinhaApi.Controllers.LotesMinerioController/<GetAll>d__4::MoveNext()
DA:78,0
DA:79,0
DA:80,0
DA:81,0
DA:82,0
DA:83,0
DA:84,0
DA:85,0
DA:87,0
DA:88,0
FN:62,System.Void MinhaApi.Controllers.LotesMinerioController/<GetById>d__3::MoveNext()
FNDA:1,System.Void MinhaApi.Controllers.LotesMinerioController/<GetById>d__3::MoveNext()
DA:63,1
DA:64,1
DA:65,2
DA:67,0
DA:68,0
DA:69,0
DA:70,0
DA:72,0
DA:73,1
BRDA:65,308,0,1
BRDA:65,308,1,0
FN:108,System.Void MinhaApi.Controllers.LotesMinerioController/<Update>d__6::MoveNext()
FNDA:0,System.Void MinhaApi.Controllers.LotesMinerioController/<Update>d__6::MoveNext()
DA:109,0
DA:110,0
DA:112,0
DA:113,0
DA:116,0
DA:117,0
DA:119,0
DA:120,0
DA:122,0
DA:123,0
DA:125,0
DA:126,0
DA:128,0
DA:129,0
DA:131,0
DA:132,0
DA:135,0
DA:136,0
DA:137,0
DA:138,0
DA:139,0
DA:140,0
DA:141,0
DA:142,0
DA:144,0
DA:146,0
DA:148,0
BRDA:112,198,0,0
BRDA:112,198,1,0
BRDA:116,294,0,0
BRDA:116,294,1,0
BRDA:119,338,0,0
BRDA:119,338,1,0
BRDA:122,387,0,0
BRDA:122,387,1,0
BRDA:122,403,1,0
BRDA:122,403,0,0
BRDA:122,421,0,0
BRDA:122,421,1,0
BRDA:125,470,0,0
BRDA:125,470,1,0
BRDA:125,486,1,0
BRDA:125,486,0,0
BRDA:125,504,0,0
BRDA:125,504,1,0
BRDA:128,553,0,0
BRDA:128,553,1,0
BRDA:131,593,0,0
BRDA:131,593,1,0
BRDA:131,598,1,0
BRDA:131,598,0,0
BRDA:131,616,0,0
BRDA:131,616,1,0
LF:90
LH:40
BRF:60
BRH:18
FNF:6
FNH:4
end_of_record